[0.091s] [34mcolcon[0m [1;30mDEBUG[0m [32mCommand line arguments: ['/usr/bin/colcon', 'build', '--symlink-install'][0m
[0.091s] [34mcolcon[0m [1;30mDEBUG[0m [32mParsed command line arguments: Namespace(log_base=None, log_level=None, verb_name='build', build_base='build', install_base='install', merge_install=False, symlink_install=True, test_result_base=None, continue_on_error=False, executor='parallel', parallel_workers=20, event_handlers=None, ignore_user_meta=False, metas=['./colcon.meta'], base_paths=['.'], packages_ignore=None, packages_ignore_regex=None, paths=None, packages_up_to=None, packages_up_to_regex=None, packages_above=None, packages_above_and_dependencies=None, packages_above_depth=None, packages_select_by_dep=None, packages_skip_by_dep=None, packages_skip_up_to=None, packages_select_build_failed=False, packages_skip_build_finished=False, packages_select_test_failures=False, packages_skip_test_passed=False, packages_select=None, packages_skip=None, packages_select_regex=None, packages_skip_regex=None, packages_start=None, packages_end=None, allow_overriding=[], cmake_args=None, cmake_target=None, cmake_target_skip_unavailable=False, cmake_clean_cache=False, cmake_clean_first=False, cmake_force_configure=False, ament_cmake_args=None, catkin_cmake_args=None, catkin_skip_building_tests=False, mixin_files=None, mixin=None, verb_parser=<colcon_mixin.mixin.mixin_argument.MixinArgumentDecorator object at 0x7c43b794f9a0>, verb_extension=<colcon_core.verb.build.BuildVerb object at 0x7c43b794f430>, main=<bound method BuildVerb.main of <colcon_core.verb.build.BuildVerb object at 0x7c43b794f430>>, mixin_verb=('build',))[0m
[0.316s] [34mcolcon.colcon_core.package_discovery[0m [1;30mLevel 1[0m discover_packages(colcon_meta) check parameters
[0.316s] [34mcolcon.colcon_core.package_discovery[0m [1;30mLevel 1[0m discover_packages(recursive) check parameters
[0.316s] [34mcolcon.colcon_core.package_discovery[0m [1;30mLevel 1[0m discover_packages(ignore) check parameters
[0.316s] [34mcolcon.colcon_core.package_discovery[0m [1;30mLevel 1[0m discover_packages(path) check parameters
[0.316s] [34mcolcon.colcon_core.package_discovery[0m [1;30mLevel 1[0m discover_packages(colcon_meta) discover
[0.316s] [34mcolcon.colcon_core.package_discovery[0m [1;30mLevel 1[0m discover_packages(recursive) discover
[0.316s] [34mcolcon.colcon_core.package_discovery[0m [1;30mINFO[0m Crawling recursively for packages in '/home/kibeom/rescue_amr_project/bridge_ws'
[0.316s] [34mcolcon.colcon_core.package_identification[0m [1;30mLevel 1[0m _identify(.) by extensions ['ignore', 'ignore_ament_install']
[0.316s] [34mcolcon.colcon_core.package_identification[0m [1;30mLevel 1[0m _identify(.) by extension 'ignore'
[0.316s] [34mcolcon.colcon_core.package_identification[0m [1;30mLevel 1[0m _identify(.) by extension 'ignore_ament_install'
[0.316s] [34mcolcon.colcon_core.package_identification[0m [1;30mLevel 1[0m _identify(.) by extensions ['colcon_pkg']
[0.316s] [34mcolcon.colcon_core.package_identification[0m [1;30mLevel 1[0m _identify(.) by extension 'colcon_pkg'
[0.316s] [34mcolcon.colcon_core.package_identification[0m [1;30mLevel 1[0m _identify(.) by extensions ['colcon_meta']
[0.316s] [34mcolcon.colcon_core.package_identification[0m [1;30mLevel 1[0m _identify(.) by extension 'colcon_meta'
[0.316s] [34mcolcon.colcon_core.package_identification[0m [1;30mLevel 1[0m _identify(.) by extensions ['ros']
[0.316s] [34mcolcon.colcon_core.package_identification[0m [1;30mLevel 1[0m _identify(.) by extension 'ros'
[0.326s] [34mcolcon.colcon_core.package_identification[0m [1;30mLevel 1[0m _identify(.) by extensions ['cmake', 'python']
[0.326s] [34mcolcon.colcon_core.package_identification[0m [1;30mLevel 1[0m _identify(.) by extension 'cmake'
[0.326s] [34mcolcon.colcon_core.package_identification[0m [1;30mLevel 1[0m _identify(.) by extension 'python'
[0.326s] [34mcolcon.colcon_core.package_identification[0m [1;30mLevel 1[0m _identify(.) by extensions ['python_setup_py']
[0.326s] [34mcolcon.colcon_core.package_identification[0m [1;30mLevel 1[0m _identify(.) by extension 'python_setup_py'
[0.327s] [34mcolcon.colcon_core.package_identification[0m [1;30mLevel 1[0m _identify(build) by extensions ['ignore', 'ignore_ament_install']
[0.327s] [34mcolcon.colcon_core.package_identification[0m [1;30mLevel 1[0m _identify(build) by extension 'ignore'
[0.327s] [34mcolcon.colcon_core.package_identification[0m [1;30mLevel 1[0m _identify(build) ignored
[0.327s] [34mcolcon.colcon_core.package_identification[0m [1;30mLevel 1[0m _identify(install) by extensions ['ignore', 'ignore_ament_install']
[0.327s] [34mcolcon.colcon_core.package_identification[0m [1;30mLevel 1[0m _identify(install) by extension 'ignore'
[0.327s] [34mcolcon.colcon_core.package_identification[0m [1;30mLevel 1[0m _identify(install) ignored
[0.327s] [34mcolcon.colcon_core.package_identification[0m [1;30mLevel 1[0m _identify(log) by extensions ['ignore', 'ignore_ament_install']
[0.327s] [34mcolcon.colcon_core.package_identification[0m [1;30mLevel 1[0m _identify(log) by extension 'ignore'
[0.327s] [34mcolcon.colcon_core.package_identification[0m [1;30mLevel 1[0m _identify(log) ignored
[0.327s] [34mcolcon.colcon_core.package_identification[0m [1;30mLevel 1[0m _identify(src) by extensions ['ignore', 'ignore_ament_install']
[0.327s] [34mcolcon.colcon_core.package_identification[0m [1;30mLevel 1[0m _identify(src) by extension 'ignore'
[0.327s] [34mcolcon.colcon_core.package_identification[0m [1;30mLevel 1[0m _identify(src) by extension 'ignore_ament_install'
[0.327s] [34mcolcon.colcon_core.package_identification[0m [1;30mLevel 1[0m _identify(src) by extensions ['colcon_pkg']
[0.327s] [34mcolcon.colcon_core.package_identification[0m [1;30mLevel 1[0m _identify(src) by extension 'colcon_pkg'
[0.327s] [34mcolcon.colcon_core.package_identification[0m [1;30mLevel 1[0m _identify(src) by extensions ['colcon_meta']
[0.327s] [34mcolcon.colcon_core.package_identification[0m [1;30mLevel 1[0m _identify(src) by extension 'colcon_meta'
[0.327s] [34mcolcon.colcon_core.package_identification[0m [1;30mLevel 1[0m _identify(src) by extensions ['ros']
[0.327s] [34mcolcon.colcon_core.package_identification[0m [1;30mLevel 1[0m _identify(src) by extension 'ros'
[0.327s] [34mcolcon.colcon_core.package_identification[0m [1;30mLevel 1[0m _identify(src) by extensions ['cmake', 'python']
[0.327s] [34mcolcon.colcon_core.package_identification[0m [1;30mLevel 1[0m _identify(src) by extension 'cmake'
[0.327s] [34mcolcon.colcon_core.package_identification[0m [1;30mLevel 1[0m _identify(src) by extension 'python'
[0.327s] [34mcolcon.colcon_core.package_identification[0m [1;30mLevel 1[0m _identify(src) by extensions ['python_setup_py']
[0.327s] [34mcolcon.colcon_core.package_identification[0m [1;30mLevel 1[0m _identify(src) by extension 'python_setup_py'
[0.327s] [34mcolcon.colcon_core.package_identification[0m [1;30mLevel 1[0m _identify(src/ares_bridges) by extensions ['ignore', 'ignore_ament_install']
[0.327s] [34mcolcon.colcon_core.package_identification[0m [1;30mLevel 1[0m _identify(src/ares_bridges) by extension 'ignore'
[0.327s] [34mcolcon.colcon_core.package_identification[0m [1;30mLevel 1[0m _identify(src/ares_bridges) by extension 'ignore_ament_install'
[0.328s] [34mcolcon.colcon_core.package_identification[0m [1;30mLevel 1[0m _identify(src/ares_bridges) by extensions ['colcon_pkg']
[0.328s] [34mcolcon.colcon_core.package_identification[0m [1;30mLevel 1[0m _identify(src/ares_bridges) by extension 'colcon_pkg'
[0.328s] [34mcolcon.colcon_core.package_identification[0m [1;30mLevel 1[0m _identify(src/ares_bridges) by extensions ['colcon_meta']
[0.328s] [34mcolcon.colcon_core.package_identification[0m [1;30mLevel 1[0m _identify(src/ares_bridges) by extension 'colcon_meta'
[0.328s] [34mcolcon.colcon_core.package_identification[0m [1;30mLevel 1[0m _identify(src/ares_bridges) by extensions ['ros']
[0.328s] [34mcolcon.colcon_core.package_identification[0m [1;30mLevel 1[0m _identify(src/ares_bridges) by extension 'ros'
[0.330s] [34mcolcon.colcon_core.package_identification[0m [1;30mDEBUG[0m [32mPackage 'src/ares_bridges' with type 'ros.ament_python' and name 'ares_bridges'[0m
[0.330s] [34mcolcon.colcon_core.package_discovery[0m [1;30mLevel 1[0m discover_packages(recursive) using defaults
[0.330s] [34mcolcon.colcon_core.package_discovery[0m [1;30mLevel 1[0m discover_packages(ignore) discover
[0.330s] [34mcolcon.colcon_core.package_discovery[0m [1;30mLevel 1[0m discover_packages(ignore) using defaults
[0.330s] [34mcolcon.colcon_core.package_discovery[0m [1;30mLevel 1[0m discover_packages(path) discover
[0.330s] [34mcolcon.colcon_core.package_discovery[0m [1;30mLevel 1[0m discover_packages(path) using defaults
[0.345s] [34mcolcon.colcon_core.package_discovery[0m [1;30mLevel 1[0m discover_packages(prefix_path) check parameters
[0.345s] [34mcolcon.colcon_core.package_discovery[0m [1;30mLevel 1[0m discover_packages(prefix_path) discover
[0.349s] [34mcolcon.colcon_installed_package_information.package_discovery[0m [1;30mDEBUG[0m [32mFound 11 installed packages in /home/kibeom/dev_ws2/isaac_sim/IsaacSim-ros_workspaces/humble_ws/install[0m
[0.350s] [34mcolcon.colcon_installed_package_information.package_discovery[0m [1;30mDEBUG[0m [32mFound 7 installed packages in /home/kibeom/smart_factory_project/ros2_ws/install[0m
[0.350s] [34mcolcon.colcon_installed_package_information.package_discovery[0m [1;30mDEBUG[0m [32mFound 18 installed packages in /home/kibeom/rescue_amr_project/turtlebot4_ws/install[0m
[0.350s] [34mcolcon.colcon_installed_package_information.package_discovery[0m [1;30mDEBUG[0m [32mFound 3 installed packages in /home/kibeom/rescue_amr_project/vision_ws/install[0m
[0.351s] [34mcolcon.colcon_installed_package_information.package_discovery[0m [1;30mDEBUG[0m [32mFound 18 installed packages in /home/kibeom/turtlebot4_ws/install[0m
[0.353s] [34mcolcon.colcon_installed_package_information.package_discovery[0m [1;30mDEBUG[0m [32mFound 451 installed packages in /opt/ros/humble[0m
[0.354s] [34mcolcon.colcon_core.package_discovery[0m [1;30mLevel 1[0m discover_packages(prefix_path) using defaults
[0.403s] [34mcolcon.colcon_core.verb[0m [1;30mLevel 5[0m set package 'ares_bridges' build argument 'cmake_args' from command line to 'None'
[0.404s] [34mcolcon.colcon_core.verb[0m [1;30mLevel 5[0m set package 'ares_bridges' build argument 'cmake_target' from command line to 'None'
[0.404s] [34mcolcon.colcon_core.verb[0m [1;30mLevel 5[0m set package 'ares_bridges' build argument 'cmake_target_skip_unavailable' from command line to 'False'
[0.404s] [34mcolcon.colcon_core.verb[0m [1;30mLevel 5[0m set package 'ares_bridges' build argument 'cmake_clean_cache' from command line to 'False'
[0.404s] [34mcolcon.colcon_core.verb[0m [1;30mLevel 5[0m set package 'ares_bridges' build argument 'cmake_clean_first' from command line to 'False'
[0.404s] [34mcolcon.colcon_core.verb[0m [1;30mLevel 5[0m set package 'ares_bridges' build argument 'cmake_force_configure' from command line to 'False'
[0.404s] [34mcolcon.colcon_core.verb[0m [1;30mLevel 5[0m set package 'ares_bridges' build argument 'ament_cmake_args' from command line to 'None'
[0.404s] [34mcolcon.colcon_core.verb[0m [1;30mLevel 5[0m set package 'ares_bridges' build argument 'catkin_cmake_args' from command line to 'None'
[0.404s] [34mcolcon.colcon_core.verb[0m [1;30mLevel 5[0m set package 'ares_bridges' build argument 'catkin_skip_building_tests' from command line to 'False'
[0.404s] [34mcolcon.colcon_core.verb[0m [1;30mDEBUG[0m [32mBuilding package 'ares_bridges' with the following arguments: {'ament_cmake_args': None, 'build_base': '/home/kibeom/rescue_amr_project/bridge_ws/build/ares_bridges', 'catkin_cmake_args': None, 'catkin_skip_building_tests': False, 'cmake_args': None, 'cmake_clean_cache': False, 'cmake_clean_first': False, 'cmake_force_configure': False, 'cmake_target': None, 'cmake_target_skip_unavailable': False, 'install_base': '/home/kibeom/rescue_amr_project/bridge_ws/install/ares_bridges', 'merge_install': False, 'path': '/home/kibeom/rescue_amr_project/bridge_ws/src/ares_bridges', 'symlink_install': True, 'test_result_base': None}[0m
[0.404s] [34mcolcon.colcon_core.executor[0m [1;30mINFO[0m Executing jobs using 'parallel' executor
[0.404s] [34mcolcon.colcon_parallel_executor.executor.parallel[0m [1;30mDEBUG[0m [32mrun_until_complete[0m
[0.405s] [34mcolcon.colcon_ros.task.ament_python.build[0m [1;30mINFO[0m Building ROS package in '/home/kibeom/rescue_amr_project/bridge_ws/src/ares_bridges' with build type 'ament_python'
[0.405s] [34mcolcon.colcon_core.shell[0m [1;30mLevel 1[0m create_environment_hook('ares_bridges', 'ament_prefix_path')
[0.409s] [34mcolcon.colcon_core.plugin_system[0m [1;30mINFO[0m Skipping extension 'colcon_core.shell.bat': Not used on non-Windows systems
[0.409s] [34mcolcon.colcon_core.shell[0m [1;30mINFO[0m Creating environment hook '/home/kibeom/rescue_amr_project/bridge_ws/install/ares_bridges/share/ares_bridges/hook/ament_prefix_path.ps1'
[0.409s] [34mcolcon.colcon_core.shell[0m [1;30mINFO[0m Creating environment descriptor '/home/kibeom/rescue_amr_project/bridge_ws/install/ares_bridges/share/ares_bridges/hook/ament_prefix_path.dsv'
[0.410s] [34mcolcon.colcon_core.shell[0m [1;30mINFO[0m Creating environment hook '/home/kibeom/rescue_amr_project/bridge_ws/install/ares_bridges/share/ares_bridges/hook/ament_prefix_path.sh'
[0.410s] [34mcolcon.colcon_core.shell[0m [1;30mINFO[0m Skip shell extension 'powershell' for command environment: Not usable outside of PowerShell
[0.410s] [34mcolcon.colcon_core.shell[0m [1;30mDEBUG[0m [32mSkip shell extension 'dsv' for command environment[0m
[0.644s] [34mcolcon.colcon_core.task.python.build[0m [1;30mINFO[0m Building Python package in '/home/kibeom/rescue_amr_project/bridge_ws/src/ares_bridges'
[0.644s] [34mcolcon.colcon_core.shell[0m [1;30mINFO[0m Skip shell extension 'powershell' for command environment: Not usable outside of PowerShell
[0.644s] [34mcolcon.colcon_core.shell[0m [1;30mDEBUG[0m [32mSkip shell extension 'dsv' for command environment[0m
[1.026s] [34mcolcon.colcon_core.event_handler.log_command[0m [1;30mDEBUG[0m [32mInvoking command in '/home/kibeom/rescue_amr_project/bridge_ws/build/ares_bridges': PYTHONPATH=/home/kibeom/rescue_amr_project/bridge_ws/build/ares_bridges/prefix_override:/usr/lib/python3/dist-packages/colcon_core/task/python/colcon_distutils_commands:/home/kibeom/rescue_amr_project/bridge_ws/install/ares_bridges/lib/python3.10/site-packages:${PYTHONPATH} /usr/bin/python3 -W ignore:setup.py install is deprecated -W ignore:easy_install command is deprecated setup.py develop --editable --build-directory /home/kibeom/rescue_amr_project/bridge_ws/build/ares_bridges/build --no-deps symlink_data[0m
[1.430s] [34mcolcon.colcon_core.shell[0m [1;30mLevel 1[0m create_environment_hook('ares_bridges', 'pythonpath_develop')
[1.430s] [34mcolcon.colcon_core.shell[0m [1;30mINFO[0m Creating environment hook '/home/kibeom/rescue_amr_project/bridge_ws/build/ares_bridges/share/ares_bridges/hook/pythonpath_develop.ps1'
[1.431s] [34mcolcon.colcon_core.event_handler.log_command[0m [1;30mDEBUG[0m [32mInvoked command in '/home/kibeom/rescue_amr_project/bridge_ws/build/ares_bridges' returned '0': PYTHONPATH=/home/kibeom/rescue_amr_project/bridge_ws/build/ares_bridges/prefix_override:/usr/lib/python3/dist-packages/colcon_core/task/python/colcon_distutils_commands:/home/kibeom/rescue_amr_project/bridge_ws/install/ares_bridges/lib/python3.10/site-packages:${PYTHONPATH} /usr/bin/python3 -W ignore:setup.py install is deprecated -W ignore:easy_install command is deprecated setup.py develop --editable --build-directory /home/kibeom/rescue_amr_project/bridge_ws/build/ares_bridges/build --no-deps symlink_data[0m
[1.431s] [34mcolcon.colcon_core.shell[0m [1;30mINFO[0m Creating environment descriptor '/home/kibeom/rescue_amr_project/bridge_ws/build/ares_bridges/share/ares_bridges/hook/pythonpath_develop.dsv'
[1.431s] [34mcolcon.colcon_core.shell[0m [1;30mINFO[0m Creating environment hook '/home/kibeom/rescue_amr_project/bridge_ws/build/ares_bridges/share/ares_bridges/hook/pythonpath_develop.sh'
[1.435s] [34mcolcon.colcon_core.environment[0m [1;30mLevel 1[0m checking '/home/kibeom/rescue_amr_project/bridge_ws/install/ares_bridges' for CMake module files
[1.435s] [34mcolcon.colcon_core.environment[0m [1;30mLevel 1[0m checking '/home/kibeom/rescue_amr_project/bridge_ws/install/ares_bridges' for CMake config files
[1.436s] [34mcolcon.colcon_core.environment[0m [1;30mLevel 1[0m checking '/home/kibeom/rescue_amr_project/bridge_ws/install/ares_bridges/lib'
[1.436s] [34mcolcon.colcon_core.environment[0m [1;30mLevel 1[0m checking '/home/kibeom/rescue_amr_project/bridge_ws/install/ares_bridges/bin'
[1.436s] [34mcolcon.colcon_core.environment[0m [1;30mLevel 1[0m checking '/home/kibeom/rescue_amr_project/bridge_ws/install/ares_bridges/lib/pkgconfig/ares_bridges.pc'
[1.436s] [34mcolcon.colcon_core.environment[0m [1;30mLevel 1[0m checking '/home/kibeom/rescue_amr_project/bridge_ws/install/ares_bridges/lib/python3.10/site-packages'
[1.436s] [34mcolcon.colcon_core.shell[0m [1;30mLevel 1[0m create_environment_hook('ares_bridges', 'pythonpath')
[1.436s] [34mcolcon.colcon_core.shell[0m [1;30mINFO[0m Creating environment hook '/home/kibeom/rescue_amr_project/bridge_ws/install/ares_bridges/share/ares_bridges/hook/pythonpath.ps1'
[1.436s] [34mcolcon.colcon_core.shell[0m [1;30mINFO[0m Creating environment descriptor '/home/kibeom/rescue_amr_project/bridge_ws/install/ares_bridges/share/ares_bridges/hook/pythonpath.dsv'
[1.437s] [34mcolcon.colcon_core.shell[0m [1;30mINFO[0m Creating environment hook '/home/kibeom/rescue_amr_project/bridge_ws/install/ares_bridges/share/ares_bridges/hook/pythonpath.sh'
[1.437s] [34mcolcon.colcon_core.environment[0m [1;30mLevel 1[0m checking '/home/kibeom/rescue_amr_project/bridge_ws/install/ares_bridges/bin'
[1.437s] [34mcolcon.colcon_core.environment[0m [1;30mLevel 1[0m create_environment_scripts_only(ares_bridges)
[1.437s] [34mcolcon.colcon_core.shell[0m [1;30mINFO[0m Creating package script '/home/kibeom/rescue_amr_project/bridge_ws/install/ares_bridges/share/ares_bridges/package.ps1'
[1.438s] [34mcolcon.colcon_core.shell[0m [1;30mINFO[0m Creating package descriptor '/home/kibeom/rescue_amr_project/bridge_ws/install/ares_bridges/share/ares_bridges/package.dsv'
[1.439s] [34mcolcon.colcon_core.shell[0m [1;30mINFO[0m Creating package script '/home/kibeom/rescue_amr_project/bridge_ws/install/ares_bridges/share/ares_bridges/package.sh'
[1.439s] [34mcolcon.colcon_core.shell[0m [1;30mINFO[0m Creating package script '/home/kibeom/rescue_amr_project/bridge_ws/install/ares_bridges/share/ares_bridges/package.bash'
[1.439s] [34mcolcon.colcon_core.shell[0m [1;30mINFO[0m Creating package script '/home/kibeom/rescue_amr_project/bridge_ws/install/ares_bridges/share/ares_bridges/package.zsh'
[1.440s] [34mcolcon.colcon_core.environment[0m [1;30mLevel 1[0m create_file_with_runtime_dependencies(/home/kibeom/rescue_amr_project/bridge_ws/install/ares_bridges/share/colcon-core/packages/ares_bridges)
[1.440s] [34mcolcon.colcon_parallel_executor.executor.parallel[0m [1;30mDEBUG[0m [32mclosing loop[0m
[1.440s] [34mcolcon.colcon_parallel_executor.executor.parallel[0m [1;30mDEBUG[0m [32mloop closed[0m
[1.440s] [34mcolcon.colcon_parallel_executor.executor.parallel[0m [1;30mDEBUG[0m [32mrun_until_complete finished with '0'[0m
[1.440s] [34mcolcon.colcon_core.event_reactor[0m [1;30mDEBUG[0m [32mjoining thread[0m
[1.446s] [34mcolcon.colcon_core.plugin_system[0m [1;30mINFO[0m Skipping extension 'colcon_notification.desktop_notification.terminal_notifier': Not used on non-Darwin systems
[1.446s] [34mcolcon.colcon_core.plugin_system[0m [1;30mINFO[0m Skipping extension 'colcon_notification.desktop_notification.win32': Not used on non-Windows systems
[1.446s] [34mcolcon.colcon_notification.desktop_notification[0m [1;30mINFO[0m Sending desktop notification using 'notify2'
[1.473s] [34mcolcon.colcon_core.event_reactor[0m [1;30mDEBUG[0m [32mjoined thread[0m
[1.473s] [34mcolcon.colcon_core.shell[0m [1;30mINFO[0m Creating prefix script '/home/kibeom/rescue_amr_project/bridge_ws/install/local_setup.ps1'
[1.474s] [34mcolcon.colcon_core.shell[0m [1;30mINFO[0m Creating prefix util module '/home/kibeom/rescue_amr_project/bridge_ws/install/_local_setup_util_ps1.py'
[1.475s] [34mcolcon.colcon_core.shell[0m [1;30mINFO[0m Creating prefix chain script '/home/kibeom/rescue_amr_project/bridge_ws/install/setup.ps1'
[1.477s] [34mcolcon.colcon_core.shell[0m [1;30mINFO[0m Creating prefix script '/home/kibeom/rescue_amr_project/bridge_ws/install/local_setup.sh'
[1.478s] [34mcolcon.colcon_core.shell[0m [1;30mINFO[0m Creating prefix util module '/home/kibeom/rescue_amr_project/bridge_ws/install/_local_setup_util_sh.py'
[1.478s] [34mcolcon.colcon_core.shell[0m [1;30mINFO[0m Creating prefix chain script '/home/kibeom/rescue_amr_project/bridge_ws/install/setup.sh'
[1.480s] [34mcolcon.colcon_core.shell[0m [1;30mINFO[0m Creating prefix script '/home/kibeom/rescue_amr_project/bridge_ws/install/local_setup.bash'
[1.480s] [34mcolcon.colcon_core.shell[0m [1;30mINFO[0m Creating prefix chain script '/home/kibeom/rescue_amr_project/bridge_ws/install/setup.bash'
[1.481s] [34mcolcon.colcon_core.shell[0m [1;30mINFO[0m Creating prefix script '/home/kibeom/rescue_amr_project/bridge_ws/install/local_setup.zsh'
[1.482s] [34mcolcon.colcon_core.shell[0m [1;30mINFO[0m Creating prefix chain script '/home/kibeom/rescue_amr_project/bridge_ws/install/setup.zsh'
