[0.621s] Invoking command in '/home/kibeom/rescue_amr_project/bridge_ws/build/ares_bridges': PYTHONPATH=/home/kibeom/rescue_amr_project/bridge_ws/build/ares_bridges/prefix_override:/usr/lib/python3/dist-packages/colcon_core/task/python/colcon_distutils_commands:/home/kibeom/rescue_amr_project/bridge_ws/install/ares_bridges/lib/python3.10/site-packages:${PYTHONPATH} /usr/bin/python3 -W ignore:setup.py install is deprecated -W ignore:easy_install command is deprecated setup.py develop --editable --build-directory /home/kibeom/rescue_amr_project/bridge_ws/build/ares_bridges/build --no-deps symlink_data
[0.828s] running develop
[0.970s] running egg_info
[0.970s] writing ares_bridges.egg-info/PKG-INFO
[0.970s] writing dependency_links to ares_bridges.egg-info/dependency_links.txt
[0.971s] writing entry points to ares_bridges.egg-info/entry_points.txt
[0.971s] writing requirements to ares_bridges.egg-info/requires.txt
[0.971s] writing top-level names to ares_bridges.egg-info/top_level.txt
[0.972s] reading manifest file 'ares_bridges.egg-info/SOURCES.txt'
[0.972s] writing manifest file 'ares_bridges.egg-info/SOURCES.txt'
[1.002s] running build_ext
[1.002s] Creating /home/kibeom/rescue_amr_project/bridge_ws/install/ares_bridges/lib/python3.10/site-packages/ares-bridges.egg-link (link to .)
[1.002s] Installing ai_vision_bridge script to /home/kibeom/rescue_amr_project/bridge_ws/install/ares_bridges/lib/ares_bridges
[1.002s] Installing ares_dummy_teleop script to /home/kibeom/rescue_amr_project/bridge_ws/install/ares_bridges/lib/ares_bridges
[1.002s] Installing robot_status_bridge script to /home/kibeom/rescue_amr_project/bridge_ws/install/ares_bridges/lib/ares_bridges
[1.002s] Installing webrtc_bridge script to /home/kibeom/rescue_amr_project/bridge_ws/install/ares_bridges/lib/ares_bridges
[1.003s] 
[1.003s] Installed /home/kibeom/rescue_amr_project/bridge_ws/build/ares_bridges
[1.003s] running symlink_data
[1.026s] Invoked command in '/home/kibeom/rescue_amr_project/bridge_ws/build/ares_bridges' returned '0': PYTHONPATH=/home/kibeom/rescue_amr_project/bridge_ws/build/ares_bridges/prefix_override:/usr/lib/python3/dist-packages/colcon_core/task/python/colcon_distutils_commands:/home/kibeom/rescue_amr_project/bridge_ws/install/ares_bridges/lib/python3.10/site-packages:${PYTHONPATH} /usr/bin/python3 -W ignore:setup.py install is deprecated -W ignore:easy_install command is deprecated setup.py develop --editable --build-directory /home/kibeom/rescue_amr_project/bridge_ws/build/ares_bridges/build --no-deps symlink_data
