[1.089s] Invoking command in '/home/kibeom/rescue_amr_project/bridge_ws/build/ares_bridges': PYTHONPATH=/home/kibeom/rescue_amr_project/bridge_ws/build/ares_bridges/prefix_override:/usr/lib/python3/dist-packages/colcon_core/task/python/colcon_distutils_commands:/home/kibeom/rescue_amr_project/bridge_ws/install/ares_bridges/lib/python3.10/site-packages:${PYTHONPATH} /usr/bin/python3 -W ignore:setup.py install is deprecated -W ignore:easy_install command is deprecated setup.py develop --editable --build-directory /home/kibeom/rescue_amr_project/bridge_ws/build/ares_bridges/build --no-deps symlink_data
[1.529s] running develop
[1.801s] running egg_info
[1.801s] writing ares_bridges.egg-info/PKG-INFO
[1.801s] writing dependency_links to ares_bridges.egg-info/dependency_links.txt
[1.802s] writing entry points to ares_bridges.egg-info/entry_points.txt
[1.802s] writing requirements to ares_bridges.egg-info/requires.txt
[1.802s] writing top-level names to ares_bridges.egg-info/top_level.txt
[1.804s] reading manifest file 'ares_bridges.egg-info/SOURCES.txt'
[1.805s] writing manifest file 'ares_bridges.egg-info/SOURCES.txt'
[1.875s] running build_ext
[1.875s] Creating /home/kibeom/rescue_amr_project/bridge_ws/install/ares_bridges/lib/python3.10/site-packages/ares-bridges.egg-link (link to .)
[1.876s] Installing ai_vision_bridge script to /home/kibeom/rescue_amr_project/bridge_ws/install/ares_bridges/lib/ares_bridges
[1.876s] Installing ares_dummy_teleop script to /home/kibeom/rescue_amr_project/bridge_ws/install/ares_bridges/lib/ares_bridges
[1.876s] Installing robot_status_bridge script to /home/kibeom/rescue_amr_project/bridge_ws/install/ares_bridges/lib/ares_bridges
[1.876s] Installing webrtc_bridge script to /home/kibeom/rescue_amr_project/bridge_ws/install/ares_bridges/lib/ares_bridges
[1.877s] 
[1.877s] Installed /home/kibeom/rescue_amr_project/bridge_ws/build/ares_bridges
[1.877s] running symlink_data
[1.921s] Invoked command in '/home/kibeom/rescue_amr_project/bridge_ws/build/ares_bridges' returned '0': PYTHONPATH=/home/kibeom/rescue_amr_project/bridge_ws/build/ares_bridges/prefix_override:/usr/lib/python3/dist-packages/colcon_core/task/python/colcon_distutils_commands:/home/kibeom/rescue_amr_project/bridge_ws/install/ares_bridges/lib/python3.10/site-packages:${PYTHONPATH} /usr/bin/python3 -W ignore:setup.py install is deprecated -W ignore:easy_install command is deprecated setup.py develop --editable --build-directory /home/kibeom/rescue_amr_project/bridge_ws/build/ares_bridges/build --no-deps symlink_data
